<?xml version="1.0" encoding="UTF-8"?>
<!-- Generated by org.testng.reporters.JUnitReportReporter -->
<testsuite hostname="DESKTOP-F4ND7BQ" failures="0" tests="6" name="actionClasses.MouseOperations" time="12.708" errors="0" timestamp="22 May 2021 13:55:14 GMT" skipped="5">
  <testcase classname="actionClasses.MouseOperations" name="slider" time="12.708"/>
  <testcase classname="actionClasses.MouseOperations" name="rightClickMethod">
    <skipped/>
  </testcase> <!-- rightClickMethod -->
  <testcase classname="actionClasses.MouseOperations" name="resizeMethod">
    <skipped/>
  </testcase> <!-- resizeMethod -->
  <testcase classname="actionClasses.MouseOperations" name="autoSuggestion">
    <skipped/>
  </testcase> <!-- autoSuggestion -->
  <testcase classname="actionClasses.MouseOperations" name="dragAnddrop">
    <skipped/>
  </testcase> <!-- dragAnddrop -->
  <testcase classname="actionClasses.MouseOperations" name="MoveToelement">
    <skipped/>
  </testcase> <!-- MoveToelement -->
</testsuite> <!-- actionClasses.MouseOperations -->
