<?xml version="1.0" encoding="UTF-8"?>
<!-- Generated by org.testng.reporters.JUnitReportReporter -->
<testsuite hostname="DESKTOP-F4ND7BQ" failures="0" tests="2" name="pageObjectModel.TNG_001" time="21.256" errors="0" timestamp="18 May 2021 15:05:29 GMT" skipped="1">
  <testcase classname="pageObjectModel.TNG_001" name="custRegistration" time="21.256"/>
  <testcase classname="pageObjectModel.TNG_001" name="f">
    <skipped/>
  </testcase> <!-- f -->
</testsuite> <!-- pageObjectModel.TNG_001 -->
