<?xml version="1.0" encoding="UTF-8"?>
<!-- Generated by org.testng.reporters.JUnitReportReporter -->
<testsuite hostname="DESKTOP-F4ND7BQ" failures="0" tests="2" name="excelDataDriven.NewTest" time="0.022" errors="0" timestamp="17 May 2021 17:50:44 GMT" skipped="0">
  <testcase classname="excelDataDriven.NewTest" name="f" time="0.019"/>
  <testcase classname="excelDataDriven.NewTest" name="f" time="0.003"/>
</testsuite> <!-- excelDataDriven.NewTest -->
