<?xml version="1.0" encoding="UTF-8"?>
<!-- Generated by org.testng.reporters.JUnitReportReporter -->
<testsuite hostname="DESKTOP-F4ND7BQ" failures="0" tests="1" name="task.Amazon2" time="25.095" errors="0" timestamp="15 May 2021 09:43:34 GMT" skipped="0">
  <testcase classname="task.Amazon2" name="login" time="25.095"/>
</testsuite> <!-- task.Amazon2 -->
