<?xml version="1.0" encoding="UTF-8"?>
<!-- Generated by org.testng.reporters.JUnitReportReporter -->
<testsuite hostname="DESKTOP-F4ND7BQ" failures="0" tests="1" name="suiteA.TestA2" time="3.017" errors="0" timestamp="14 May 2021 07:13:56 GMT" skipped="0">
  <testcase classname="suiteA.TestA2" name="f" time="3.017"/>
</testsuite> <!-- suiteA.TestA2 -->
