<?xml version="1.0" encoding="UTF-8"?>
<!-- Generated by org.testng.reporters.JUnitReportReporter -->
<testsuite hostname="DESKTOP-F4ND7BQ" failures="0" tests="1" name="switches.AlertHandling" time="8.618" errors="0" timestamp="20 May 2021 16:51:36 GMT" skipped="0">
  <testcase classname="switches.AlertHandling" name="f" time="8.618"/>
</testsuite> <!-- switches.AlertHandling -->
