<?xml version="1.0" encoding="UTF-8"?>
<!-- Generated by org.testng.reporters.JUnitReportReporter -->
<testsuite hostname="DESKTOP-F4ND7BQ" failures="0" tests="4" name="grid.GridTest" time="116.095" errors="0" timestamp="27 May 2021 17:15:40 GMT" skipped="0">
  <testcase classname="grid.GridTest" name="test3" time="30.613"/>
  <testcase classname="grid.GridTest" name="test4" time="30.658"/>
  <testcase classname="grid.GridTest" name="test1" time="31.031"/>
  <testcase classname="grid.GridTest" name="test2" time="23.793"/>
</testsuite> <!-- grid.GridTest -->
