<?xml version="1.0" encoding="UTF-8"?>
<!-- Generated by org.testng.reporters.JUnitReportReporter -->
<testsuite hostname="DESKTOP-F4ND7BQ" failures="0" tests="1" name="com.project.April6PMMavenSelenium.TNG_003" time="21.750" errors="0" timestamp="31 May 2021 10:43:01 GMT" skipped="0">
  <testcase classname="com.project.April6PMMavenSelenium.TNG_003" name="amazon" time="21.750"/>
</testsuite> <!-- com.project.April6PMMavenSelenium.TNG_003 -->
