<?xml version="1.0" encoding="UTF-8"?>
<!-- Generated by org.testng.reporters.JUnitReportReporter -->
<testsuite hostname="DESKTOP-F4ND7BQ" failures="0" tests="1" name="task.Amazon" time="76.866" errors="0" timestamp="15 May 2021 09:43:34 GMT" skipped="0">
  <testcase classname="task.Amazon" name="login" time="76.866"/>
</testsuite> <!-- task.Amazon -->
