<?xml version="1.0" encoding="UTF-8"?>
<!-- Generated by org.testng.reporters.JUnitReportReporter -->
<testsuite hostname="DESKTOP-F4ND7BQ" failures="0" tests="2" name="excelDataDriven.NewTestForFaceBook" time="5.619" errors="0" timestamp="17 May 2021 17:44:42 GMT" skipped="0">
  <testcase classname="excelDataDriven.NewTestForFaceBook" name="f" time="5.616"/>
  <testcase classname="excelDataDriven.NewTestForFaceBook" name="f" time="0.003"/>
</testsuite> <!-- excelDataDriven.NewTestForFaceBook -->
