<?xml version="1.0" encoding="UTF-8"?>
<!-- Generated by org.testng.reporters.JUnitReportReporter -->
<testsuite hostname="DESKTOP-F4ND7BQ" failures="0" tests="1" name="com.project.April6PMMavenSelenium.CheckBox1" time="7.538" errors="0" timestamp="13 May 2021 01:51:21 GMT" skipped="0">
  <testcase classname="com.project.April6PMMavenSelenium.CheckBox1" name="checkboxTest" time="7.538"/>
</testsuite> <!-- com.project.April6PMMavenSelenium.CheckBox1 -->
