<?xml version="1.0" encoding="UTF-8"?>
<!-- Generated by org.testng.reporters.JUnitReportReporter -->
<testsuite hostname="DESKTOP-F4ND7BQ" failures="0" tests="2" name="excelDataDriven.DataManagementUsingHashTable" time="0.012" errors="0" timestamp="17 May 2021 16:41:13 GMT" skipped="0">
  <testcase classname="excelDataDriven.DataManagementUsingHashTable" name="f" time="0.001"/>
  <testcase classname="excelDataDriven.DataManagementUsingHashTable" name="f" time="0.011"/>
</testsuite> <!-- excelDataDriven.DataManagementUsingHashTable -->
