<?xml version="1.0" encoding="UTF-8"?>
<!-- Generated by org.testng.reporters.JUnitReportReporter -->
<testsuite hostname="DESKTOP-F4ND7BQ" failures="0" tests="1" name="suiteB.TestB2" time="3.001" errors="0" timestamp="14 May 2021 05:01:07 GMT" skipped="0">
  <testcase classname="suiteB.TestB2" name="f" time="3.001"/>
</testsuite> <!-- suiteB.TestB2 -->
