<?xml version="1.0" encoding="UTF-8"?>
<!-- Generated by org.testng.reporters.JUnitReportReporter -->
<testsuite hostname="DESKTOP-F4ND7BQ" failures="0" tests="3" name="grid.LoginTest" time="1398.556" errors="0" timestamp="28 May 2021 16:37:15 GMT" skipped="0">
  <testcase classname="grid.LoginTest" name="setUp" time="1378.377"/>
  <testcase classname="grid.LoginTest" name="login" time="20.177"/>
  <testcase classname="grid.LoginTest" name="f" time="0.002"/>
</testsuite> <!-- grid.LoginTest -->
