<?xml version="1.0" encoding="UTF-8"?>
<!-- Generated by org.testng.reporters.JUnitReportReporter -->
<testsuite hostname="DESKTOP-F4ND7BQ" failures="0" tests="3" name="com.project.April6PMMavenSelenium.TNG_001" time="0.011" errors="0" timestamp="12 May 2021 14:52:25 GMT" skipped="1">
  <testcase classname="com.project.April6PMMavenSelenium.TNG_001" name="a" time="0.008"/>
  <testcase classname="com.project.April6PMMavenSelenium.TNG_001" name="z" time="0.003"/>
  <testcase classname="com.project.April6PMMavenSelenium.TNG_001" name="f">
    <skipped/>
  </testcase> <!-- f -->
</testsuite> <!-- com.project.April6PMMavenSelenium.TNG_001 -->
