<?xml version="1.0" encoding="UTF-8"?>
<!-- Generated by org.testng.reporters.JUnitReportReporter -->
<testsuite hostname="DESKTOP-F4ND7BQ" failures="0" tests="1" name="com.project.April6PMMavenSelenium.RadioButton1" time="9.066" errors="0" timestamp="13 May 2021 01:51:21 GMT" skipped="0">
  <testcase classname="com.project.April6PMMavenSelenium.RadioButton1" name="radioButtonTest" time="9.066"/>
</testsuite> <!-- com.project.April6PMMavenSelenium.RadioButton1 -->
