<?xml version="1.0" encoding="UTF-8"?>
<!-- Generated by org.testng.reporters.JUnitReportReporter -->
<testsuite skipped="0" hostname="DESKTOP-F4ND7BQ" name="com.project.April6PMMavenSelenium.TNG_003" tests="1" failures="0" timestamp="31 May 2021 15:19:51 GMT" time="14.677" errors="0">
  <testcase name="amazon" time="14.677" classname="com.project.April6PMMavenSelenium.TNG_003"/>
</testsuite> <!-- com.project.April6PMMavenSelenium.TNG_003 -->
